2025-09-23 13:14:57,329 DEBUG: request.args: ImmutableMultiDict([('ticket_id', ''), ('search_title', ''), ('creator_username', ''), ('category', ''), ('status', ''), ('operator_username', ''), ('start_date', '2025-09-24'), ('end_date', '')]) [in /app/app/supervisor/routes.py:22]
2025-09-23 13:14:57,431 DEBUG: status_map creado: {'cancelled': 'Cancelado', 'closed': 'Cerrado', 'completed': 'Completado', 'in_progress': 'En Progreso', 'pending': 'Pendiente', 'rejected': 'Rechazado'} [in /app/app/supervisor/routes.py:36]
2025-09-23 13:14:57,434 DEBUG: Formulario de filtro validado correctamente. [in /app/app/supervisor/routes.py:45]
2025-09-23 13:14:57,440 DEBUG: Filtro por fecha de inicio (datetime naive): 2025-09-24 00:00:00 [in /app/app/supervisor/routes.py:84]
2025-09-23 13:14:57,442 DEBUG: Ajuste: Solo fecha de inicio, fin ajustado a: 2025-09-24 23:59:59.999999 [in /app/app/supervisor/routes.py:93]
2025-09-23 13:14:57,444 DEBUG: Consulta final de MongoDB: {'created_at': {'$gte': datetime.datetime(2025, 9, 24, 0, 0), '$lte': datetime.datetime(2025, 9, 24, 23, 59, 59, 999999)}} [in /app/app/supervisor/routes.py:110]
2025-09-23 13:14:57,447 INFO: Usuario supervisor_general consultó los tickets. Se encontraron 0 tickets. [in /app/app/supervisor/routes.py:114]
2025-09-23 13:14:58,176 DEBUG: request.args: ImmutableMultiDict([]) [in /app/app/supervisor/routes.py:22]
2025-09-23 13:14:58,181 DEBUG: status_map creado: {'cancelled': 'Cancelado', 'closed': 'Cerrado', 'completed': 'Completado', 'in_progress': 'En Progreso', 'pending': 'Pendiente', 'rejected': 'Rechazado'} [in /app/app/supervisor/routes.py:36]
2025-09-23 13:14:58,186 DEBUG: Errores de validación del formulario de filtro: {'category': ['Not a valid choice.'], 'status': ['Not a valid choice.']} [in /app/app/supervisor/routes.py:108]
2025-09-23 13:14:58,192 DEBUG: Consulta final de MongoDB: {} [in /app/app/supervisor/routes.py:110]
2025-09-23 13:14:58,198 INFO: Usuario supervisor_general consultó los tickets. Se encontraron 2 tickets. [in /app/app/supervisor/routes.py:114]
2025-09-23 13:15:03,021 DEBUG: request.args: ImmutableMultiDict([('ticket_id', '1'), ('search_title', ''), ('creator_username', ''), ('category', ''), ('status', ''), ('operator_username', ''), ('start_date', ''), ('end_date', '')]) [in /app/app/supervisor/routes.py:22]
2025-09-23 13:15:03,029 DEBUG: status_map creado: {'cancelled': 'Cancelado', 'closed': 'Cerrado', 'completed': 'Completado', 'in_progress': 'En Progreso', 'pending': 'Pendiente', 'rejected': 'Rechazado'} [in /app/app/supervisor/routes.py:36]
2025-09-23 13:15:03,032 DEBUG: Formulario de filtro validado correctamente. [in /app/app/supervisor/routes.py:45]
2025-09-23 13:15:03,036 DEBUG: Filtro por ID de ticket (texto): 1 [in /app/app/supervisor/routes.py:62]
2025-09-23 13:15:03,041 DEBUG: Consulta final de MongoDB: {'$expr': {'$regexMatch': {'input': {'$toString': '$_id'}, 'regex': '1', 'options': 'i'}}} [in /app/app/supervisor/routes.py:110]
2025-09-23 13:15:03,045 INFO: Usuario supervisor_general consultó los tickets. Se encontraron 1 tickets. [in /app/app/supervisor/routes.py:114]
2025-09-24 06:06:38,493 INFO: Logging inicializado [in /app/app/__init__.py:113]
2025-09-24 06:06:38,495 INFO: Intentando conectar a MongoDB... [in /app/app/__init__.py:35]
2025-09-24 06:06:38,520 INFO: Conexión a MongoDB establecida exitosamente. [in /app/app/__init__.py:40]
